


ARM Macro Assembler    Page 1 


    1 00000000         ;******************** (C) COPYRIGHT 2009 STMicroelectron
                       ics ********************
    2 00000000         ;* File Name          : startup_stm32f10x_hd.s
    3 00000000         ;* Author             : MCD Application Team
    4 00000000         ;* Version            : V3.0.0
    5 00000000         ;* Date               : 04/06/2009
    6 00000000         ;* Description        : STM32F10x High Density Devices v
                       ector table for RVMDK 
    7 00000000         ;*                      toolchain. 
    8 00000000         ;*                      This module performs:
    9 00000000         ;*                      - Set the initial SP
   10 00000000         ;*                      - Set the initial PC == Reset_Ha
                       ndler
   11 00000000         ;*                      - Set the vector table entries w
                       ith the exceptions ISR address
   12 00000000         ;*                      - Configure external SRAM mounte
                       d on STM3210E-EVAL board
   13 00000000         ;*                        to be used as data memory (opt
                       ional, to be enabled by user)
   14 00000000         ;*                      - Branches to __main in the C li
                       brary (which eventually
   15 00000000         ;*                        calls main()).
   16 00000000         ;*                      After Reset the CortexM3 process
                       or is in Thread mode,
   17 00000000         ;*                      priority is Privileged, and the 
                       Stack is set to Main.
   18 00000000         ;* <<< Use Configuration Wizard in Context Menu >>>   
   19 00000000         ;*******************************************************
                       ************************
   20 00000000         ; THE PRESENT FIRMWARE WHICH IS FOR GUIDANCE ONLY AIMS A
                       T PROVIDING CUSTOMERS
   21 00000000         ; WITH CODING INFORMATION REGARDING THEIR PRODUCTS IN OR
                       DER FOR THEM TO SAVE TIME.
   22 00000000         ; AS A RESULT, STMICROELECTRONICS SHALL NOT BE HELD LIAB
                       LE FOR ANY DIRECT,
   23 00000000         ; INDIRECT OR CONSEQUENTIAL DAMAGES WITH RESPECT TO ANY 
                       CLAIMS ARISING FROM THE
   24 00000000         ; CONTENT OF SUCH FIRMWARE AND/OR THE USE MADE BY CUSTOM
                       ERS OF THE CODING
   25 00000000         ; INFORMATION CONTAINED HEREIN IN CONNECTION WITH THEIR 
                       PRODUCTS.
   26 00000000         ;*******************************************************
                       ************************
   27 00000000         
   28 00000000         ; Amount of memory (in bytes) allocated for Stack
   29 00000000         ; Tailor this value to your application needs
   30 00000000         ; <h> Stack Configuration
   31 00000000         ;   <o> Stack Size (in Bytes) <0x0-0xFFFFFFFF:8>
   32 00000000         ; </h>
   33 00000000         
   34 00000000 00000800 
                       Stack_Size
                               EQU              0x00000800
   35 00000000         
   36 00000000                 AREA             STACK, NOINIT, READWRITE, ALIGN
=3
   37 00000000         Stack_Mem
                               SPACE            Stack_Size
   38 00000800         __initial_sp



ARM Macro Assembler    Page 2 


   39 00000800         
   40 00000800 20000400 
                       __initial_spTop
                               EQU              0x20000400  ; stack used for Sy
                                                            stemInit_ExtMemCtl
   41 00000800         ; always internal RAM used 
   42 00000800         
   43 00000800         ; <h> Heap Configuration
   44 00000800         ;   <o>  Heap Size (in Bytes) <0x0-0xFFFFFFFF:8>
   45 00000800         ; </h>
   46 00000800         
   47 00000800 00000000 
                       Heap_Size
                               EQU              0x00000000
   48 00000800         
   49 00000800                 AREA             HEAP, NOINIT, READWRITE, ALIGN=
3
   50 00000000         __heap_base
   51 00000000         Heap_Mem
                               SPACE            Heap_Size
   52 00000000         __heap_limit
   53 00000000         
   54 00000000                 PRESERVE8
   55 00000000                 THUMB
   56 00000000         
   57 00000000         
   58 00000000         ; Vector Table Mapped to Address 0 at Reset
   59 00000000                 AREA             RESET, DATA, READONLY
   60 00000000                 EXPORT           __Vectors
   61 00000000                 EXPORT           __Vectors_End
   62 00000000                 EXPORT           __Vectors_Size
   63 00000000         
   64 00000000         ; ***********我添加的代码***********
   65 00000000         ; 引入外部SysTick定时中断函数OS_TimeTick
   66 00000000         ; IMPORT OS_TimeTick
   67 00000000         ; IMPORT PendSV_Handler
   68 00000000         
   69 00000000 20000400 
                       __Vectors
                               DCD              __initial_spTop ; Top of Stack
   70 00000004 00000000        DCD              Reset_Handler ; Reset Handler
   71 00000008 00000000        DCD              NMI_Handler ; NMI Handler
   72 0000000C 00000000        DCD              HardFault_Handler ; Hard Fault 
                                                            Handler
   73 00000010 00000000        DCD              MemManage_Handler 
                                                            ; MPU Fault Handler
                                                            
   74 00000014 00000000        DCD              BusFault_Handler 
                                                            ; Bus Fault Handler
                                                            
   75 00000018 00000000        DCD              UsageFault_Handler ; Usage Faul
                                                            t Handler
   76 0000001C 00000000        DCD              0           ; Reserved
   77 00000020 00000000        DCD              0           ; Reserved
   78 00000024 00000000        DCD              0           ; Reserved
   79 00000028 00000000        DCD              0           ; Reserved
   80 0000002C 00000000        DCD              SVC_Handler ; SVCall Handler
   81 00000030 00000000        DCD              DebugMon_Handler ; Debug Monito
                                                            r Handler



ARM Macro Assembler    Page 3 


   82 00000034 00000000        DCD              0           ; Reserved
   83 00000038 00000000        DCD              0           ; PendSV Handler
   84 0000003C 00000000        DCD              0           ; SysTick Handler
   85 00000040         
   86 00000040         ; External Interrupts
   87 00000040 00000000        DCD              WWDG_IRQHandler 
                                                            ; Window Watchdog
   88 00000044 00000000        DCD              PVD_IRQHandler ; PVD through EX
                                                            TI Line detect
   89 00000048 00000000        DCD              TAMPER_IRQHandler ; Tamper
   90 0000004C 00000000        DCD              RTC_IRQHandler ; RTC
   91 00000050 00000000        DCD              FLASH_IRQHandler ; Flash
   92 00000054 00000000        DCD              RCC_IRQHandler ; RCC
   93 00000058 00000000        DCD              EXTI0_IRQHandler ; EXTI Line 0
   94 0000005C 00000000        DCD              EXTI1_IRQHandler ; EXTI Line 1
   95 00000060 00000000        DCD              EXTI2_IRQHandler ; EXTI Line 2
   96 00000064 00000000        DCD              EXTI3_IRQHandler ; EXTI Line 3
   97 00000068 00000000        DCD              EXTI4_IRQHandler ; EXTI Line 4
   98 0000006C 00000000        DCD              DMA1_Channel1_IRQHandler 
                                                            ; DMA1 Channel 1
   99 00000070 00000000        DCD              DMA1_Channel2_IRQHandler 
                                                            ; DMA1 Channel 2
  100 00000074 00000000        DCD              DMA1_Channel3_IRQHandler 
                                                            ; DMA1 Channel 3
  101 00000078 00000000        DCD              DMA1_Channel4_IRQHandler 
                                                            ; DMA1 Channel 4
  102 0000007C 00000000        DCD              DMA1_Channel5_IRQHandler 
                                                            ; DMA1 Channel 5
  103 00000080 00000000        DCD              DMA1_Channel6_IRQHandler 
                                                            ; DMA1 Channel 6
  104 00000084 00000000        DCD              DMA1_Channel7_IRQHandler 
                                                            ; DMA1 Channel 7
  105 00000088 00000000        DCD              ADC1_2_IRQHandler ; ADC1 & ADC2
                                                            
  106 0000008C 00000000        DCD              USB_HP_CAN1_TX_IRQHandler ; USB
                                                             High Priority or C
                                                            AN1 TX
  107 00000090 00000000        DCD              USB_LP_CAN1_RX0_IRQHandler ; US
                                                            B Low  Priority or 
                                                            CAN1 RX0
  108 00000094 00000000        DCD              CAN1_RX1_IRQHandler ; CAN1 RX1
  109 00000098 00000000        DCD              CAN1_SCE_IRQHandler ; CAN1 SCE
  110 0000009C 00000000        DCD              EXTI9_5_IRQHandler 
                                                            ; EXTI Line 9..5
  111 000000A0 00000000        DCD              TIM1_BRK_IRQHandler 
                                                            ; TIM1 Break
  112 000000A4 00000000        DCD              TIM1_UP_IRQHandler 
                                                            ; TIM1 Update
  113 000000A8 00000000        DCD              TIM1_TRG_COM_IRQHandler ; TIM1 
                                                            Trigger and Commuta
                                                            tion
  114 000000AC 00000000        DCD              TIM1_CC_IRQHandler ; TIM1 Captu
                                                            re Compare
  115 000000B0 00000000        DCD              TIM2_IRQHandler ; TIM2
  116 000000B4 00000000        DCD              TIM3_IRQHandler ; TIM3
  117 000000B8 00000000        DCD              TIM4_IRQHandler ; TIM4
  118 000000BC 00000000        DCD              I2C1_EV_IRQHandler ; I2C1 Event
                                                            
  119 000000C0 00000000        DCD              I2C1_ER_IRQHandler ; I2C1 Error



ARM Macro Assembler    Page 4 


                                                            
  120 000000C4 00000000        DCD              I2C2_EV_IRQHandler ; I2C2 Event
                                                            
  121 000000C8 00000000        DCD              I2C2_ER_IRQHandler ; I2C2 Error
                                                            
  122 000000CC 00000000        DCD              SPI1_IRQHandler ; SPI1
  123 000000D0 00000000        DCD              SPI2_IRQHandler ; SPI2
  124 000000D4 00000000        DCD              USART1_IRQHandler ; USART1
  125 000000D8 00000000        DCD              USART2_IRQHandler ; USART2
  126 000000DC 00000000        DCD              USART3_IRQHandler ; USART3
  127 000000E0 00000000        DCD              EXTI15_10_IRQHandler 
                                                            ; EXTI Line 15..10
  128 000000E4 00000000        DCD              RTCAlarm_IRQHandler ; RTC Alarm
                                                             through EXTI Line
  129 000000E8 00000000        DCD              USBWakeUp_IRQHandler ; USB Wake
                                                            up from suspend
  130 000000EC 00000000        DCD              TIM8_BRK_IRQHandler 
                                                            ; TIM8 Break
  131 000000F0 00000000        DCD              TIM8_UP_IRQHandler 
                                                            ; TIM8 Update
  132 000000F4 00000000        DCD              TIM8_TRG_COM_IRQHandler ; TIM8 
                                                            Trigger and Commuta
                                                            tion
  133 000000F8 00000000        DCD              TIM8_CC_IRQHandler ; TIM8 Captu
                                                            re Compare
  134 000000FC 00000000        DCD              ADC3_IRQHandler ; ADC3
  135 00000100 00000000        DCD              FSMC_IRQHandler ; FSMC
  136 00000104 00000000        DCD              SDIO_IRQHandler ; SDIO
  137 00000108 00000000        DCD              TIM5_IRQHandler ; TIM5
  138 0000010C 00000000        DCD              SPI3_IRQHandler ; SPI3
  139 00000110 00000000        DCD              UART4_IRQHandler ; UART4
  140 00000114 00000000        DCD              UART5_IRQHandler ; UART5
  141 00000118 00000000        DCD              TIM6_IRQHandler ; TIM6
  142 0000011C 00000000        DCD              TIM7_IRQHandler ; TIM7
  143 00000120 00000000        DCD              DMA2_Channel1_IRQHandler 
                                                            ; DMA2 Channel1
  144 00000124 00000000        DCD              DMA2_Channel2_IRQHandler 
                                                            ; DMA2 Channel2
  145 00000128 00000000        DCD              DMA2_Channel3_IRQHandler 
                                                            ; DMA2 Channel3
  146 0000012C 00000000        DCD              DMA2_Channel4_5_IRQHandler ; DM
                                                            A2 Channel4 & Chann
                                                            el5
  147 00000130         __Vectors_End
  148 00000130         
  149 00000130 00000130 
                       __Vectors_Size
                               EQU              __Vectors_End - __Vectors
  150 00000130         
  151 00000130                 AREA             |.text|, CODE, READONLY
  152 00000000         
  153 00000000         ; Dummy SystemInit_ExtMemCtl function                
  154 00000000         SystemInit_ExtMemCtl
                               PROC
  155 00000000                 EXPORT           SystemInit_ExtMemCtl      [WEAK
]
  156 00000000 4770            BX               LR
  157 00000002                 ENDP
  158 00000002         



ARM Macro Assembler    Page 5 


  159 00000002         
  160 00000002         
  161 00000002         
  162 00000002         
  163 00000002 E000ED04 
                       NVIC_INT_CTRL
                               EQU              0xE000ED04  ; Interrupt control
                                                             state register.
  164 00000002 E000ED22 
                       NVIC_SYSPRI14
                               EQU              0xE000ED22  ; System priority r
                                                            egister (priority 1
                                                            4).
  165 00000002 000000FF 
                       NVIC_PENDSV_PRI
                               EQU              0xFF        ; PendSV priority v
                                                            alue (lowest).
  166 00000002 10000000 
                       NVIC_PENDSVSET
                               EQU              0x10000000  ; Value to trigger 
                                                            PendSV exception.
  167 00000002         ; Reset handler routine
  168 00000002         Reset_Handler
                               PROC
  169 00000002                 EXPORT           Reset_Handler             [WEAK
]
  170 00000002                 IMPORT           __main
  171 00000002         
  172 00000002         ; 放在OS_Init函数里面初始化了,方面移植
  173 00000002         ;初始化PendSV并设置中断优先级为最低
  174 00000002         ; LDR     R0, =NVIC_SYSPRI14                            
                             ; Set the PendSV exception priority
  175 00000002         ; LDR     R1, =NVIC_PENDSV_PRI
  176 00000002         ; STRB    R1, [R0]
  177 00000002         
  178 00000002         ; LDR     R0, =NVIC_INT_CTRL                            
                             ; Trigger the PendSV exception (causes context swi
                       tch)
  179 00000002         ; LDR     R1, =NVIC_PENDSVSET
  180 00000002         ; STR     R1, [R0]
  181 00000002         
  182 00000002         ; MOV  r0,#02 ;使用PSP作为堆栈指针
  183 00000002         ; MSR  CONTROL, r0
  184 00000002         
  185 00000002 480A            LDR              R0, = SystemInit_ExtMemCtl ; in
                                                            itialize external m
                                                            emory controller
  186 00000004 4780            BLX              R0
  187 00000006         
  188 00000006 490A            LDR              R1, = __initial_sp ; restore or
                                                            iginal stack pointe
                                                            r
  189 00000008 F381 8808       MSR              MSP, R1
  190 0000000C         
  191 0000000C 4809            LDR              R0, =__main
  192 0000000E 4700            BX               R0
  193 00000010                 ENDP
  194 00000010         
  195 00000010         



ARM Macro Assembler    Page 6 


  196 00000010         
  197 00000010         
  198 00000010         
  199 00000010         ; Dummy Exception Handlers (infinite loops which can be 
                       modified)
  200 00000010         
  201 00000010         NMI_Handler
                               PROC
  202 00000010                 EXPORT           NMI_Handler                [WEA
K]
  203 00000010 E7FE            B                .
  204 00000012                 ENDP
  206 00000012         HardFault_Handler
                               PROC
  207 00000012                 EXPORT           HardFault_Handler          [WEA
K]
  208 00000012 E7FE            B                .
  209 00000014                 ENDP
  211 00000014         MemManage_Handler
                               PROC
  212 00000014                 EXPORT           MemManage_Handler          [WEA
K]
  213 00000014 E7FE            B                .
  214 00000016                 ENDP
  216 00000016         BusFault_Handler
                               PROC
  217 00000016                 EXPORT           BusFault_Handler           [WEA
K]
  218 00000016 E7FE            B                .
  219 00000018                 ENDP
  221 00000018         UsageFault_Handler
                               PROC
  222 00000018                 EXPORT           UsageFault_Handler         [WEA
K]
  223 00000018 E7FE            B                .
  224 0000001A                 ENDP
  225 0000001A         SVC_Handler
                               PROC
  226 0000001A                 EXPORT           SVC_Handler                [WEA
K]
  227 0000001A E7FE            B                .
  228 0000001C                 ENDP
  230 0000001C         DebugMon_Handler
                               PROC
  231 0000001C                 EXPORT           DebugMon_Handler           [WEA
K]
  232 0000001C E7FE            B                .
  233 0000001E                 ENDP
  234 0000001E         ; PendSV_Handler  PROC
  235 0000001E         ; EXPORT  PendSV_Handler             [WEAK]
  236 0000001E         ; B       .
  237 0000001E         ; ENDP
  238 0000001E         ; SysTick_Handler PROC
  239 0000001E         ; EXPORT  SysTick_Handler            [WEAK]
  240 0000001E         ; B       .
  241 0000001E         ; ENDP
  242 0000001E         
  243 0000001E         Default_Handler
                               PROC



ARM Macro Assembler    Page 7 


  244 0000001E         
  245 0000001E                 EXPORT           WWDG_IRQHandler            [WEA
K]
  246 0000001E                 EXPORT           PVD_IRQHandler             [WEA
K]
  247 0000001E                 EXPORT           TAMPER_IRQHandler          [WEA
K]
  248 0000001E                 EXPORT           RTC_IRQHandler             [WEA
K]
  249 0000001E                 EXPORT           FLASH_IRQHandler           [WEA
K]
  250 0000001E                 EXPORT           RCC_IRQHandler             [WEA
K]
  251 0000001E                 EXPORT           EXTI0_IRQHandler           [WEA
K]
  252 0000001E                 EXPORT           EXTI1_IRQHandler           [WEA
K]
  253 0000001E                 EXPORT           EXTI2_IRQHandler           [WEA
K]
  254 0000001E                 EXPORT           EXTI3_IRQHandler           [WEA
K]
  255 0000001E                 EXPORT           EXTI4_IRQHandler           [WEA
K]
  256 0000001E                 EXPORT           DMA1_Channel1_IRQHandler   [WEA
K]
  257 0000001E                 EXPORT           DMA1_Channel2_IRQHandler   [WEA
K]
  258 0000001E                 EXPORT           DMA1_Channel3_IRQHandler   [WEA
K]
  259 0000001E                 EXPORT           DMA1_Channel4_IRQHandler   [WEA
K]
  260 0000001E                 EXPORT           DMA1_Channel5_IRQHandler   [WEA
K]
  261 0000001E                 EXPORT           DMA1_Channel6_IRQHandler   [WEA
K]
  262 0000001E                 EXPORT           DMA1_Channel7_IRQHandler   [WEA
K]
  263 0000001E                 EXPORT           ADC1_2_IRQHandler          [WEA
K]
  264 0000001E                 EXPORT           USB_HP_CAN1_TX_IRQHandler  [WEA
K]
  265 0000001E                 EXPORT           USB_LP_CAN1_RX0_IRQHandler [WEA
K]
  266 0000001E                 EXPORT           CAN1_RX1_IRQHandler        [WEA
K]
  267 0000001E                 EXPORT           CAN1_SCE_IRQHandler        [WEA
K]
  268 0000001E                 EXPORT           EXTI9_5_IRQHandler         [WEA
K]
  269 0000001E                 EXPORT           TIM1_BRK_IRQHandler        [WEA
K]
  270 0000001E                 EXPORT           TIM1_UP_IRQHandler         [WEA
K]
  271 0000001E                 EXPORT           TIM1_TRG_COM_IRQHandler    [WEA
K]
  272 0000001E                 EXPORT           TIM1_CC_IRQHandler         [WEA
K]
  273 0000001E                 EXPORT           TIM2_IRQHandler            [WEA
K]



ARM Macro Assembler    Page 8 


  274 0000001E                 EXPORT           TIM3_IRQHandler            [WEA
K]
  275 0000001E                 EXPORT           TIM4_IRQHandler            [WEA
K]
  276 0000001E                 EXPORT           I2C1_EV_IRQHandler         [WEA
K]
  277 0000001E                 EXPORT           I2C1_ER_IRQHandler         [WEA
K]
  278 0000001E                 EXPORT           I2C2_EV_IRQHandler         [WEA
K]
  279 0000001E                 EXPORT           I2C2_ER_IRQHandler         [WEA
K]
  280 0000001E                 EXPORT           SPI1_IRQHandler            [WEA
K]
  281 0000001E                 EXPORT           SPI2_IRQHandler            [WEA
K]
  282 0000001E                 EXPORT           USART1_IRQHandler          [WEA
K]
  283 0000001E                 EXPORT           USART2_IRQHandler          [WEA
K]
  284 0000001E                 EXPORT           USART3_IRQHandler          [WEA
K]
  285 0000001E                 EXPORT           EXTI15_10_IRQHandler       [WEA
K]
  286 0000001E                 EXPORT           RTCAlarm_IRQHandler        [WEA
K]
  287 0000001E                 EXPORT           USBWakeUp_IRQHandler       [WEA
K]
  288 0000001E                 EXPORT           TIM8_BRK_IRQHandler        [WEA
K]
  289 0000001E                 EXPORT           TIM8_UP_IRQHandler         [WEA
K]
  290 0000001E                 EXPORT           TIM8_TRG_COM_IRQHandler    [WEA
K]
  291 0000001E                 EXPORT           TIM8_CC_IRQHandler         [WEA
K]
  292 0000001E                 EXPORT           ADC3_IRQHandler            [WEA
K]
  293 0000001E                 EXPORT           FSMC_IRQHandler            [WEA
K]
  294 0000001E                 EXPORT           SDIO_IRQHandler            [WEA
K]
  295 0000001E                 EXPORT           TIM5_IRQHandler            [WEA
K]
  296 0000001E                 EXPORT           SPI3_IRQHandler            [WEA
K]
  297 0000001E                 EXPORT           UART4_IRQHandler           [WEA
K]
  298 0000001E                 EXPORT           UART5_IRQHandler           [WEA
K]
  299 0000001E                 EXPORT           TIM6_IRQHandler            [WEA
K]
  300 0000001E                 EXPORT           TIM7_IRQHandler            [WEA
K]
  301 0000001E                 EXPORT           DMA2_Channel1_IRQHandler   [WEA
K]
  302 0000001E                 EXPORT           DMA2_Channel2_IRQHandler   [WEA
K]
  303 0000001E                 EXPORT           DMA2_Channel3_IRQHandler   [WEA



ARM Macro Assembler    Page 9 


K]
  304 0000001E                 EXPORT           DMA2_Channel4_5_IRQHandler [WEA
K]
  305 0000001E         
  306 0000001E         WWDG_IRQHandler
  307 0000001E         PVD_IRQHandler
  308 0000001E         TAMPER_IRQHandler
  309 0000001E         RTC_IRQHandler
  310 0000001E         FLASH_IRQHandler
  311 0000001E         RCC_IRQHandler
  312 0000001E         EXTI0_IRQHandler
  313 0000001E         EXTI1_IRQHandler
  314 0000001E         EXTI2_IRQHandler
  315 0000001E         EXTI3_IRQHandler
  316 0000001E         EXTI4_IRQHandler
  317 0000001E         DMA1_Channel1_IRQHandler
  318 0000001E         DMA1_Channel2_IRQHandler
  319 0000001E         DMA1_Channel3_IRQHandler
  320 0000001E         DMA1_Channel4_IRQHandler
  321 0000001E         DMA1_Channel5_IRQHandler
  322 0000001E         DMA1_Channel6_IRQHandler
  323 0000001E         DMA1_Channel7_IRQHandler
  324 0000001E         ADC1_2_IRQHandler
  325 0000001E         USB_HP_CAN1_TX_IRQHandler
  326 0000001E         USB_LP_CAN1_RX0_IRQHandler
  327 0000001E         CAN1_RX1_IRQHandler
  328 0000001E         CAN1_SCE_IRQHandler
  329 0000001E         EXTI9_5_IRQHandler
  330 0000001E         TIM1_BRK_IRQHandler
  331 0000001E         TIM1_UP_IRQHandler
  332 0000001E         TIM1_TRG_COM_IRQHandler
  333 0000001E         TIM1_CC_IRQHandler
  334 0000001E         TIM2_IRQHandler
  335 0000001E         TIM3_IRQHandler
  336 0000001E         TIM4_IRQHandler
  337 0000001E         I2C1_EV_IRQHandler
  338 0000001E         I2C1_ER_IRQHandler
  339 0000001E         I2C2_EV_IRQHandler
  340 0000001E         I2C2_ER_IRQHandler
  341 0000001E         SPI1_IRQHandler
  342 0000001E         SPI2_IRQHandler
  343 0000001E         USART1_IRQHandler
  344 0000001E         USART2_IRQHandler
  345 0000001E         USART3_IRQHandler
  346 0000001E         EXTI15_10_IRQHandler
  347 0000001E         RTCAlarm_IRQHandler
  348 0000001E         USBWakeUp_IRQHandler
  349 0000001E         TIM8_BRK_IRQHandler
  350 0000001E         TIM8_UP_IRQHandler
  351 0000001E         TIM8_TRG_COM_IRQHandler
  352 0000001E         TIM8_CC_IRQHandler
  353 0000001E         ADC3_IRQHandler
  354 0000001E         FSMC_IRQHandler
  355 0000001E         SDIO_IRQHandler
  356 0000001E         TIM5_IRQHandler
  357 0000001E         SPI3_IRQHandler
  358 0000001E         UART4_IRQHandler
  359 0000001E         UART5_IRQHandler
  360 0000001E         TIM6_IRQHandler



ARM Macro Assembler    Page 10 


  361 0000001E         TIM7_IRQHandler
  362 0000001E         DMA2_Channel1_IRQHandler
  363 0000001E         DMA2_Channel2_IRQHandler
  364 0000001E         DMA2_Channel3_IRQHandler
  365 0000001E         DMA2_Channel4_5_IRQHandler
  366 0000001E E7FE            B                .
  367 00000020         
  368 00000020                 ENDP
  369 00000020         
  370 00000020                 ALIGN
  371 00000020         
  372 00000020         ;*******************************************************
                       ************************
  373 00000020         ; User Stack and Heap initialization
  374 00000020         ;*******************************************************
                       ************************
  375 00000020                 IF               :DEF:__MICROLIB
  382 00000020         
  383 00000020                 IMPORT           __use_two_region_memory
  384 00000020                 EXPORT           __user_initial_stackheap
  385 00000020         
  386 00000020         __user_initial_stackheap
  387 00000020         
  388 00000020 4805            LDR              R0, =  Heap_Mem
  389 00000022 4906            LDR              R1, =(Stack_Mem + Stack_Size)
  390 00000024 4A04            LDR              R2, = (Heap_Mem +  Heap_Size)
  391 00000026 4B06            LDR              R3, = Stack_Mem
  392 00000028 4770            BX               LR
  393 0000002A         
  394 0000002A 00 00           ALIGN
  395 0000002C         
  396 0000002C                 ENDIF
  397 0000002C         
  398 0000002C                 END
              00000000 
              00000000 
              00000000 
              00000000 
              00000800 
              00000000 
Command Line: --debug --xref --cpu=Cortex-M3 --apcs=interwork --depend=..\OBJ\s
tartup_stm32f10x_hd.d -o..\OBJ\startup_stm32f10x_hd.o -ID:\RVMDK4.7\ARM\RV31\IN
C -ID:\RVMDK4.7\ARM\CMSIS\Include -ID:\RVMDK4.7\ARM\Inc\ST\STM32F10x --predefin
e="__EVAL SETA 1" --list=startup_stm32f10x_hd.lst startup_stm32f10x_hd.s



ARM Macro Assembler    Page 1 Alphabetic symbol ordering
Relocatable symbols

STACK 00000000

Symbol: STACK
   Definitions
      At line 36 in file startup_stm32f10x_hd.s
   Uses
      None
Comment: STACK unused
Stack_Mem 00000000

Symbol: Stack_Mem
   Definitions
      At line 37 in file startup_stm32f10x_hd.s
   Uses
      At line 389 in file startup_stm32f10x_hd.s
      At line 391 in file startup_stm32f10x_hd.s

__initial_sp 00000800

Symbol: __initial_sp
   Definitions
      At line 38 in file startup_stm32f10x_hd.s
   Uses
      At line 188 in file startup_stm32f10x_hd.s
Comment: __initial_sp used once
3 symbols



ARM Macro Assembler    Page 1 Alphabetic symbol ordering
Relocatable symbols

HEAP 00000000

Symbol: HEAP
   Definitions
      At line 49 in file startup_stm32f10x_hd.s
   Uses
      None
Comment: HEAP unused
Heap_Mem 00000000

Symbol: Heap_Mem
   Definitions
      At line 51 in file startup_stm32f10x_hd.s
   Uses
      At line 388 in file startup_stm32f10x_hd.s
      At line 390 in file startup_stm32f10x_hd.s

__heap_base 00000000

Symbol: __heap_base
   Definitions
      At line 50 in file startup_stm32f10x_hd.s
   Uses
      None
Comment: __heap_base unused
__heap_limit 00000000

Symbol: __heap_limit
   Definitions
      At line 52 in file startup_stm32f10x_hd.s
   Uses
      None
Comment: __heap_limit unused
4 symbols



ARM Macro Assembler    Page 1 Alphabetic symbol ordering
Relocatable symbols

RESET 00000000

Symbol: RESET
   Definitions
      At line 59 in file startup_stm32f10x_hd.s
   Uses
      None
Comment: RESET unused
__Vectors 00000000

Symbol: __Vectors
   Definitions
      At line 69 in file startup_stm32f10x_hd.s
   Uses
      At line 60 in file startup_stm32f10x_hd.s
      At line 149 in file startup_stm32f10x_hd.s

__Vectors_End 00000130

Symbol: __Vectors_End
   Definitions
      At line 147 in file startup_stm32f10x_hd.s
   Uses
      At line 61 in file startup_stm32f10x_hd.s
      At line 149 in file startup_stm32f10x_hd.s

3 symbols



ARM Macro Assembler    Page 1 Alphabetic symbol ordering
Relocatable symbols

.text 00000000

Symbol: .text
   Definitions
      At line 151 in file startup_stm32f10x_hd.s
   Uses
      None
Comment: .text unused
ADC1_2_IRQHandler 0000001E

Symbol: ADC1_2_IRQHandler
   Definitions
      At line 324 in file startup_stm32f10x_hd.s
   Uses
      At line 105 in file startup_stm32f10x_hd.s
      At line 263 in file startup_stm32f10x_hd.s

ADC3_IRQHandler 0000001E

Symbol: ADC3_IRQHandler
   Definitions
      At line 353 in file startup_stm32f10x_hd.s
   Uses
      At line 134 in file startup_stm32f10x_hd.s
      At line 292 in file startup_stm32f10x_hd.s

BusFault_Handler 00000016

Symbol: BusFault_Handler
   Definitions
      At line 216 in file startup_stm32f10x_hd.s
   Uses
      At line 74 in file startup_stm32f10x_hd.s
      At line 217 in file startup_stm32f10x_hd.s

CAN1_RX1_IRQHandler 0000001E

Symbol: CAN1_RX1_IRQHandler
   Definitions
      At line 327 in file startup_stm32f10x_hd.s
   Uses
      At line 108 in file startup_stm32f10x_hd.s
      At line 266 in file startup_stm32f10x_hd.s

CAN1_SCE_IRQHandler 0000001E

Symbol: CAN1_SCE_IRQHandler
   Definitions
      At line 328 in file startup_stm32f10x_hd.s
   Uses
      At line 109 in file startup_stm32f10x_hd.s
      At line 267 in file startup_stm32f10x_hd.s

DMA1_Channel1_IRQHandler 0000001E

Symbol: DMA1_Channel1_IRQHandler
   Definitions
      At line 317 in file startup_stm32f10x_hd.s
   Uses



ARM Macro Assembler    Page 2 Alphabetic symbol ordering
Relocatable symbols

      At line 98 in file startup_stm32f10x_hd.s
      At line 256 in file startup_stm32f10x_hd.s

DMA1_Channel2_IRQHandler 0000001E

Symbol: DMA1_Channel2_IRQHandler
   Definitions
      At line 318 in file startup_stm32f10x_hd.s
   Uses
      At line 99 in file startup_stm32f10x_hd.s
      At line 257 in file startup_stm32f10x_hd.s

DMA1_Channel3_IRQHandler 0000001E

Symbol: DMA1_Channel3_IRQHandler
   Definitions
      At line 319 in file startup_stm32f10x_hd.s
   Uses
      At line 100 in file startup_stm32f10x_hd.s
      At line 258 in file startup_stm32f10x_hd.s

DMA1_Channel4_IRQHandler 0000001E

Symbol: DMA1_Channel4_IRQHandler
   Definitions
      At line 320 in file startup_stm32f10x_hd.s
   Uses
      At line 101 in file startup_stm32f10x_hd.s
      At line 259 in file startup_stm32f10x_hd.s

DMA1_Channel5_IRQHandler 0000001E

Symbol: DMA1_Channel5_IRQHandler
   Definitions
      At line 321 in file startup_stm32f10x_hd.s
   Uses
      At line 102 in file startup_stm32f10x_hd.s
      At line 260 in file startup_stm32f10x_hd.s

DMA1_Channel6_IRQHandler 0000001E

Symbol: DMA1_Channel6_IRQHandler
   Definitions
      At line 322 in file startup_stm32f10x_hd.s
   Uses
      At line 103 in file startup_stm32f10x_hd.s
      At line 261 in file startup_stm32f10x_hd.s

DMA1_Channel7_IRQHandler 0000001E

Symbol: DMA1_Channel7_IRQHandler
   Definitions
      At line 323 in file startup_stm32f10x_hd.s
   Uses
      At line 104 in file startup_stm32f10x_hd.s
      At line 262 in file startup_stm32f10x_hd.s

DMA2_Channel1_IRQHandler 0000001E




ARM Macro Assembler    Page 3 Alphabetic symbol ordering
Relocatable symbols

Symbol: DMA2_Channel1_IRQHandler
   Definitions
      At line 362 in file startup_stm32f10x_hd.s
   Uses
      At line 143 in file startup_stm32f10x_hd.s
      At line 301 in file startup_stm32f10x_hd.s

DMA2_Channel2_IRQHandler 0000001E

Symbol: DMA2_Channel2_IRQHandler
   Definitions
      At line 363 in file startup_stm32f10x_hd.s
   Uses
      At line 144 in file startup_stm32f10x_hd.s
      At line 302 in file startup_stm32f10x_hd.s

DMA2_Channel3_IRQHandler 0000001E

Symbol: DMA2_Channel3_IRQHandler
   Definitions
      At line 364 in file startup_stm32f10x_hd.s
   Uses
      At line 145 in file startup_stm32f10x_hd.s
      At line 303 in file startup_stm32f10x_hd.s

DMA2_Channel4_5_IRQHandler 0000001E

Symbol: DMA2_Channel4_5_IRQHandler
   Definitions
      At line 365 in file startup_stm32f10x_hd.s
   Uses
      At line 146 in file startup_stm32f10x_hd.s
      At line 304 in file startup_stm32f10x_hd.s

DebugMon_Handler 0000001C

Symbol: DebugMon_Handler
   Definitions
      At line 230 in file startup_stm32f10x_hd.s
   Uses
      At line 81 in file startup_stm32f10x_hd.s
      At line 231 in file startup_stm32f10x_hd.s

Default_Handler 0000001E

Symbol: Default_Handler
   Definitions
      At line 243 in file startup_stm32f10x_hd.s
   Uses
      None
Comment: Default_Handler unused
EXTI0_IRQHandler 0000001E

Symbol: EXTI0_IRQHandler
   Definitions
      At line 312 in file startup_stm32f10x_hd.s
   Uses
      At line 93 in file startup_stm32f10x_hd.s
      At line 251 in file startup_stm32f10x_hd.s



ARM Macro Assembler    Page 4 Alphabetic symbol ordering
Relocatable symbols


EXTI15_10_IRQHandler 0000001E

Symbol: EXTI15_10_IRQHandler
   Definitions
      At line 346 in file startup_stm32f10x_hd.s
   Uses
      At line 127 in file startup_stm32f10x_hd.s
      At line 285 in file startup_stm32f10x_hd.s

EXTI1_IRQHandler 0000001E

Symbol: EXTI1_IRQHandler
   Definitions
      At line 313 in file startup_stm32f10x_hd.s
   Uses
      At line 94 in file startup_stm32f10x_hd.s
      At line 252 in file startup_stm32f10x_hd.s

EXTI2_IRQHandler 0000001E

Symbol: EXTI2_IRQHandler
   Definitions
      At line 314 in file startup_stm32f10x_hd.s
   Uses
      At line 95 in file startup_stm32f10x_hd.s
      At line 253 in file startup_stm32f10x_hd.s

EXTI3_IRQHandler 0000001E

Symbol: EXTI3_IRQHandler
   Definitions
      At line 315 in file startup_stm32f10x_hd.s
   Uses
      At line 96 in file startup_stm32f10x_hd.s
      At line 254 in file startup_stm32f10x_hd.s

EXTI4_IRQHandler 0000001E

Symbol: EXTI4_IRQHandler
   Definitions
      At line 316 in file startup_stm32f10x_hd.s
   Uses
      At line 97 in file startup_stm32f10x_hd.s
      At line 255 in file startup_stm32f10x_hd.s

EXTI9_5_IRQHandler 0000001E

Symbol: EXTI9_5_IRQHandler
   Definitions
      At line 329 in file startup_stm32f10x_hd.s
   Uses
      At line 110 in file startup_stm32f10x_hd.s
      At line 268 in file startup_stm32f10x_hd.s

FLASH_IRQHandler 0000001E

Symbol: FLASH_IRQHandler
   Definitions



ARM Macro Assembler    Page 5 Alphabetic symbol ordering
Relocatable symbols

      At line 310 in file startup_stm32f10x_hd.s
   Uses
      At line 91 in file startup_stm32f10x_hd.s
      At line 249 in file startup_stm32f10x_hd.s

FSMC_IRQHandler 0000001E

Symbol: FSMC_IRQHandler
   Definitions
      At line 354 in file startup_stm32f10x_hd.s
   Uses
      At line 135 in file startup_stm32f10x_hd.s
      At line 293 in file startup_stm32f10x_hd.s

HardFault_Handler 00000012

Symbol: HardFault_Handler
   Definitions
      At line 206 in file startup_stm32f10x_hd.s
   Uses
      At line 72 in file startup_stm32f10x_hd.s
      At line 207 in file startup_stm32f10x_hd.s

I2C1_ER_IRQHandler 0000001E

Symbol: I2C1_ER_IRQHandler
   Definitions
      At line 338 in file startup_stm32f10x_hd.s
   Uses
      At line 119 in file startup_stm32f10x_hd.s
      At line 277 in file startup_stm32f10x_hd.s

I2C1_EV_IRQHandler 0000001E

Symbol: I2C1_EV_IRQHandler
   Definitions
      At line 337 in file startup_stm32f10x_hd.s
   Uses
      At line 118 in file startup_stm32f10x_hd.s
      At line 276 in file startup_stm32f10x_hd.s

I2C2_ER_IRQHandler 0000001E

Symbol: I2C2_ER_IRQHandler
   Definitions
      At line 340 in file startup_stm32f10x_hd.s
   Uses
      At line 121 in file startup_stm32f10x_hd.s
      At line 279 in file startup_stm32f10x_hd.s

I2C2_EV_IRQHandler 0000001E

Symbol: I2C2_EV_IRQHandler
   Definitions
      At line 339 in file startup_stm32f10x_hd.s
   Uses
      At line 120 in file startup_stm32f10x_hd.s
      At line 278 in file startup_stm32f10x_hd.s




ARM Macro Assembler    Page 6 Alphabetic symbol ordering
Relocatable symbols

MemManage_Handler 00000014

Symbol: MemManage_Handler
   Definitions
      At line 211 in file startup_stm32f10x_hd.s
   Uses
      At line 73 in file startup_stm32f10x_hd.s
      At line 212 in file startup_stm32f10x_hd.s

NMI_Handler 00000010

Symbol: NMI_Handler
   Definitions
      At line 201 in file startup_stm32f10x_hd.s
   Uses
      At line 71 in file startup_stm32f10x_hd.s
      At line 202 in file startup_stm32f10x_hd.s

PVD_IRQHandler 0000001E

Symbol: PVD_IRQHandler
   Definitions
      At line 307 in file startup_stm32f10x_hd.s
   Uses
      At line 88 in file startup_stm32f10x_hd.s
      At line 246 in file startup_stm32f10x_hd.s

RCC_IRQHandler 0000001E

Symbol: RCC_IRQHandler
   Definitions
      At line 311 in file startup_stm32f10x_hd.s
   Uses
      At line 92 in file startup_stm32f10x_hd.s
      At line 250 in file startup_stm32f10x_hd.s

RTCAlarm_IRQHandler 0000001E

Symbol: RTCAlarm_IRQHandler
   Definitions
      At line 347 in file startup_stm32f10x_hd.s
   Uses
      At line 128 in file startup_stm32f10x_hd.s
      At line 286 in file startup_stm32f10x_hd.s

RTC_IRQHandler 0000001E

Symbol: RTC_IRQHandler
   Definitions
      At line 309 in file startup_stm32f10x_hd.s
   Uses
      At line 90 in file startup_stm32f10x_hd.s
      At line 248 in file startup_stm32f10x_hd.s

Reset_Handler 00000002

Symbol: Reset_Handler
   Definitions
      At line 168 in file startup_stm32f10x_hd.s



ARM Macro Assembler    Page 7 Alphabetic symbol ordering
Relocatable symbols

   Uses
      At line 70 in file startup_stm32f10x_hd.s
      At line 169 in file startup_stm32f10x_hd.s

SDIO_IRQHandler 0000001E

Symbol: SDIO_IRQHandler
   Definitions
      At line 355 in file startup_stm32f10x_hd.s
   Uses
      At line 136 in file startup_stm32f10x_hd.s
      At line 294 in file startup_stm32f10x_hd.s

SPI1_IRQHandler 0000001E

Symbol: SPI1_IRQHandler
   Definitions
      At line 341 in file startup_stm32f10x_hd.s
   Uses
      At line 122 in file startup_stm32f10x_hd.s
      At line 280 in file startup_stm32f10x_hd.s

SPI2_IRQHandler 0000001E

Symbol: SPI2_IRQHandler
   Definitions
      At line 342 in file startup_stm32f10x_hd.s
   Uses
      At line 123 in file startup_stm32f10x_hd.s
      At line 281 in file startup_stm32f10x_hd.s

SPI3_IRQHandler 0000001E

Symbol: SPI3_IRQHandler
   Definitions
      At line 357 in file startup_stm32f10x_hd.s
   Uses
      At line 138 in file startup_stm32f10x_hd.s
      At line 296 in file startup_stm32f10x_hd.s

SVC_Handler 0000001A

Symbol: SVC_Handler
   Definitions
      At line 225 in file startup_stm32f10x_hd.s
   Uses
      At line 80 in file startup_stm32f10x_hd.s
      At line 226 in file startup_stm32f10x_hd.s

SystemInit_ExtMemCtl 00000000

Symbol: SystemInit_ExtMemCtl
   Definitions
      At line 154 in file startup_stm32f10x_hd.s
   Uses
      At line 155 in file startup_stm32f10x_hd.s
      At line 185 in file startup_stm32f10x_hd.s

TAMPER_IRQHandler 0000001E



ARM Macro Assembler    Page 8 Alphabetic symbol ordering
Relocatable symbols


Symbol: TAMPER_IRQHandler
   Definitions
      At line 308 in file startup_stm32f10x_hd.s
   Uses
      At line 89 in file startup_stm32f10x_hd.s
      At line 247 in file startup_stm32f10x_hd.s

TIM1_BRK_IRQHandler 0000001E

Symbol: TIM1_BRK_IRQHandler
   Definitions
      At line 330 in file startup_stm32f10x_hd.s
   Uses
      At line 111 in file startup_stm32f10x_hd.s
      At line 269 in file startup_stm32f10x_hd.s

TIM1_CC_IRQHandler 0000001E

Symbol: TIM1_CC_IRQHandler
   Definitions
      At line 333 in file startup_stm32f10x_hd.s
   Uses
      At line 114 in file startup_stm32f10x_hd.s
      At line 272 in file startup_stm32f10x_hd.s

TIM1_TRG_COM_IRQHandler 0000001E

Symbol: TIM1_TRG_COM_IRQHandler
   Definitions
      At line 332 in file startup_stm32f10x_hd.s
   Uses
      At line 113 in file startup_stm32f10x_hd.s
      At line 271 in file startup_stm32f10x_hd.s

TIM1_UP_IRQHandler 0000001E

Symbol: TIM1_UP_IRQHandler
   Definitions
      At line 331 in file startup_stm32f10x_hd.s
   Uses
      At line 112 in file startup_stm32f10x_hd.s
      At line 270 in file startup_stm32f10x_hd.s

TIM2_IRQHandler 0000001E

Symbol: TIM2_IRQHandler
   Definitions
      At line 334 in file startup_stm32f10x_hd.s
   Uses
      At line 115 in file startup_stm32f10x_hd.s
      At line 273 in file startup_stm32f10x_hd.s

TIM3_IRQHandler 0000001E

Symbol: TIM3_IRQHandler
   Definitions
      At line 335 in file startup_stm32f10x_hd.s
   Uses



ARM Macro Assembler    Page 9 Alphabetic symbol ordering
Relocatable symbols

      At line 116 in file startup_stm32f10x_hd.s
      At line 274 in file startup_stm32f10x_hd.s

TIM4_IRQHandler 0000001E

Symbol: TIM4_IRQHandler
   Definitions
      At line 336 in file startup_stm32f10x_hd.s
   Uses
      At line 117 in file startup_stm32f10x_hd.s
      At line 275 in file startup_stm32f10x_hd.s

TIM5_IRQHandler 0000001E

Symbol: TIM5_IRQHandler
   Definitions
      At line 356 in file startup_stm32f10x_hd.s
   Uses
      At line 137 in file startup_stm32f10x_hd.s
      At line 295 in file startup_stm32f10x_hd.s

TIM6_IRQHandler 0000001E

Symbol: TIM6_IRQHandler
   Definitions
      At line 360 in file startup_stm32f10x_hd.s
   Uses
      At line 141 in file startup_stm32f10x_hd.s
      At line 299 in file startup_stm32f10x_hd.s

TIM7_IRQHandler 0000001E

Symbol: TIM7_IRQHandler
   Definitions
      At line 361 in file startup_stm32f10x_hd.s
   Uses
      At line 142 in file startup_stm32f10x_hd.s
      At line 300 in file startup_stm32f10x_hd.s

TIM8_BRK_IRQHandler 0000001E

Symbol: TIM8_BRK_IRQHandler
   Definitions
      At line 349 in file startup_stm32f10x_hd.s
   Uses
      At line 130 in file startup_stm32f10x_hd.s
      At line 288 in file startup_stm32f10x_hd.s

TIM8_CC_IRQHandler 0000001E

Symbol: TIM8_CC_IRQHandler
   Definitions
      At line 352 in file startup_stm32f10x_hd.s
   Uses
      At line 133 in file startup_stm32f10x_hd.s
      At line 291 in file startup_stm32f10x_hd.s

TIM8_TRG_COM_IRQHandler 0000001E




ARM Macro Assembler    Page 10 Alphabetic symbol ordering
Relocatable symbols

Symbol: TIM8_TRG_COM_IRQHandler
   Definitions
      At line 351 in file startup_stm32f10x_hd.s
   Uses
      At line 132 in file startup_stm32f10x_hd.s
      At line 290 in file startup_stm32f10x_hd.s

TIM8_UP_IRQHandler 0000001E

Symbol: TIM8_UP_IRQHandler
   Definitions
      At line 350 in file startup_stm32f10x_hd.s
   Uses
      At line 131 in file startup_stm32f10x_hd.s
      At line 289 in file startup_stm32f10x_hd.s

UART4_IRQHandler 0000001E

Symbol: UART4_IRQHandler
   Definitions
      At line 358 in file startup_stm32f10x_hd.s
   Uses
      At line 139 in file startup_stm32f10x_hd.s
      At line 297 in file startup_stm32f10x_hd.s

UART5_IRQHandler 0000001E

Symbol: UART5_IRQHandler
   Definitions
      At line 359 in file startup_stm32f10x_hd.s
   Uses
      At line 140 in file startup_stm32f10x_hd.s
      At line 298 in file startup_stm32f10x_hd.s

USART1_IRQHandler 0000001E

Symbol: USART1_IRQHandler
   Definitions
      At line 343 in file startup_stm32f10x_hd.s
   Uses
      At line 124 in file startup_stm32f10x_hd.s
      At line 282 in file startup_stm32f10x_hd.s

USART2_IRQHandler 0000001E

Symbol: USART2_IRQHandler
   Definitions
      At line 344 in file startup_stm32f10x_hd.s
   Uses
      At line 125 in file startup_stm32f10x_hd.s
      At line 283 in file startup_stm32f10x_hd.s

USART3_IRQHandler 0000001E

Symbol: USART3_IRQHandler
   Definitions
      At line 345 in file startup_stm32f10x_hd.s
   Uses
      At line 126 in file startup_stm32f10x_hd.s



ARM Macro Assembler    Page 11 Alphabetic symbol ordering
Relocatable symbols

      At line 284 in file startup_stm32f10x_hd.s

USBWakeUp_IRQHandler 0000001E

Symbol: USBWakeUp_IRQHandler
   Definitions
      At line 348 in file startup_stm32f10x_hd.s
   Uses
      At line 129 in file startup_stm32f10x_hd.s
      At line 287 in file startup_stm32f10x_hd.s

USB_HP_CAN1_TX_IRQHandler 0000001E

Symbol: USB_HP_CAN1_TX_IRQHandler
   Definitions
      At line 325 in file startup_stm32f10x_hd.s
   Uses
      At line 106 in file startup_stm32f10x_hd.s
      At line 264 in file startup_stm32f10x_hd.s

USB_LP_CAN1_RX0_IRQHandler 0000001E

Symbol: USB_LP_CAN1_RX0_IRQHandler
   Definitions
      At line 326 in file startup_stm32f10x_hd.s
   Uses
      At line 107 in file startup_stm32f10x_hd.s
      At line 265 in file startup_stm32f10x_hd.s

UsageFault_Handler 00000018

Symbol: UsageFault_Handler
   Definitions
      At line 221 in file startup_stm32f10x_hd.s
   Uses
      At line 75 in file startup_stm32f10x_hd.s
      At line 222 in file startup_stm32f10x_hd.s

WWDG_IRQHandler 0000001E

Symbol: WWDG_IRQHandler
   Definitions
      At line 306 in file startup_stm32f10x_hd.s
   Uses
      At line 87 in file startup_stm32f10x_hd.s
      At line 245 in file startup_stm32f10x_hd.s

__user_initial_stackheap 00000020

Symbol: __user_initial_stackheap
   Definitions
      At line 386 in file startup_stm32f10x_hd.s
   Uses
      At line 384 in file startup_stm32f10x_hd.s
Comment: __user_initial_stackheap used once
72 symbols



ARM Macro Assembler    Page 1 Alphabetic symbol ordering
Absolute symbols

Heap_Size 00000000

Symbol: Heap_Size
   Definitions
      At line 47 in file startup_stm32f10x_hd.s
   Uses
      At line 51 in file startup_stm32f10x_hd.s
      At line 390 in file startup_stm32f10x_hd.s

NVIC_INT_CTRL E000ED04

Symbol: NVIC_INT_CTRL
   Definitions
      At line 163 in file startup_stm32f10x_hd.s
   Uses
      None
Comment: NVIC_INT_CTRL unused
NVIC_PENDSVSET 10000000

Symbol: NVIC_PENDSVSET
   Definitions
      At line 166 in file startup_stm32f10x_hd.s
   Uses
      None
Comment: NVIC_PENDSVSET unused
NVIC_PENDSV_PRI 000000FF

Symbol: NVIC_PENDSV_PRI
   Definitions
      At line 165 in file startup_stm32f10x_hd.s
   Uses
      None
Comment: NVIC_PENDSV_PRI unused
NVIC_SYSPRI14 E000ED22

Symbol: NVIC_SYSPRI14
   Definitions
      At line 164 in file startup_stm32f10x_hd.s
   Uses
      None
Comment: NVIC_SYSPRI14 unused
Stack_Size 00000800

Symbol: Stack_Size
   Definitions
      At line 34 in file startup_stm32f10x_hd.s
   Uses
      At line 37 in file startup_stm32f10x_hd.s
      At line 389 in file startup_stm32f10x_hd.s

__Vectors_Size 00000130

Symbol: __Vectors_Size
   Definitions
      At line 149 in file startup_stm32f10x_hd.s
   Uses
      At line 62 in file startup_stm32f10x_hd.s
Comment: __Vectors_Size used once
__initial_spTop 20000400



ARM Macro Assembler    Page 2 Alphabetic symbol ordering
Absolute symbols


Symbol: __initial_spTop
   Definitions
      At line 40 in file startup_stm32f10x_hd.s
   Uses
      At line 69 in file startup_stm32f10x_hd.s
Comment: __initial_spTop used once
8 symbols



ARM Macro Assembler    Page 1 Alphabetic symbol ordering
External symbols

__main 00000000

Symbol: __main
   Definitions
      At line 170 in file startup_stm32f10x_hd.s
   Uses
      At line 191 in file startup_stm32f10x_hd.s
Comment: __main used once
__use_two_region_memory 00000000

Symbol: __use_two_region_memory
   Definitions
      At line 383 in file startup_stm32f10x_hd.s
   Uses
      None
Comment: __use_two_region_memory unused
2 symbols
427 symbols in table
